<?xml version="1.0" encoding="UTF-8"?>
<!-- Generated by org.testng.reporters.JUnitReportReporter -->
<testsuite hostname="DESKTOP-08STSR1" failures="0" tests="1" name="src.HardAssert" time="4.490" errors="0" timestamp="2022-11-09T10:04:41 IST" skipped="0">
  <testcase classname="src.HardAssert" name="assertion" time="4.490"/>
  <system-out/>
</testsuite> <!-- src.HardAssert -->
