<?xml version="1.0" encoding="UTF-8"?>
<!-- Generated by org.testng.reporters.JUnitReportReporter -->
<testsuite hostname="DESKTOP-08STSR1" failures="0" tests="3" name="nishu.TestPriority" time="0.015" errors="0" timestamp="2022-11-07T09:28:02 IST" skipped="0">
  <testcase classname="nishu.TestPriority" name="deleteCustomer" time="0.011"/>
  <system-out>
    <![CDATA[customer deleted successfully]]>
  </system-out>
  <testcase classname="nishu.TestPriority" name="editCustomer" time="0.002"/>
  <system-out>
    <![CDATA[customer edited successfully]]>
  </system-out>
  <testcase classname="nishu.TestPriority" name="createCustomer" time="0.002"/>
  <system-out>
    <![CDATA[customer created successfully]]>
  </system-out>
</testsuite> <!-- nishu.TestPriority -->
