<?xml version="1.0" encoding="UTF-8"?>
<!-- Generated by org.testng.reporters.JUnitReportReporter -->
<testsuite hostname="DESKTOP-08STSR1" failures="0" tests="3" name="nishu.Priority" time="0.062" errors="0" timestamp="2022-11-07T09:20:14 IST" skipped="0">
  <testcase classname="nishu.Priority" name="deleteCustomer" time="0.041"/>
  <system-out>
    <![CDATA[customer deleted successfully]]>
  </system-out>
  <testcase classname="nishu.Priority" name="editCustomer" time="0.003"/>
  <system-out>
    <![CDATA[customer edited successfully]]>
  </system-out>
  <testcase classname="nishu.Priority" name="createCustomer" time="0.018"/>
  <system-out>
    <![CDATA[customer created successfully]]>
  </system-out>
</testsuite> <!-- nishu.Priority -->
