<?xml version="1.0" encoding="UTF-8"?>
<!-- Generated by org.testng.reporters.JUnitReportReporter -->
<testsuite hostname="DESKTOP-08STSR1" failures="0" tests="1" name="src.classAssertion" time="6.366" errors="0" timestamp="2022-11-09T09:54:06 IST" skipped="0">
  <testcase classname="src.classAssertion" name="assertion" time="6.366"/>
  <system-out/>
</testsuite> <!-- src.classAssertion -->
