<?xml version="1.0" encoding="UTF-8"?>
<!-- Generated by org.testng.reporters.JUnitReportReporter -->
<testsuite hostname="DESKTOP-08STSR1" failures="0" tests="1" name="nishu.Customer" time="0.020" errors="0" timestamp="2022-11-05T09:45:02 IST" skipped="0">
  <testcase classname="nishu.Customer" name="customer" time="0.020"/>
  <system-out>
    <![CDATA[Goa]]>
  </system-out>
</testsuite> <!-- nishu.Customer -->
