<?xml version="1.0" encoding="UTF-8"?>
<!-- Generated by org.testng.reporters.JUnitReportReporter -->
<testsuite hostname="DESKTOP-08STSR1" failures="0" tests="1" name="src.TakeScreenShot01" time="22.188" errors="0" timestamp="2022-11-10T19:12:53 IST" skipped="0">
  <testcase classname="src.TakeScreenShot01" name="screenshot" time="22.188"/>
  <system-out/>
</testsuite> <!-- src.TakeScreenShot01 -->
