<?xml version="1.0" encoding="UTF-8"?>
<!-- Generated by org.testng.reporters.JUnitReportReporter -->
<testsuite hostname="DESKTOP-08STSR1" failures="0" tests="4" name="nishu.CustomerTestNG_2" time="0.018" errors="0" timestamp="2022-11-05T10:06:50 IST" skipped="0">
  <testcase classname="nishu.CustomerTestNG_2" name="deleteCustomer" time="0.002"/>
  <system-out>
    <![CDATA[customer deleted successfully]]>
  </system-out>
  <testcase classname="nishu.CustomerTestNG_2" name="editCustomer" time="0.002"/>
  <system-out>
    <![CDATA[customer edited successfully]]>
  </system-out>
  <testcase classname="nishu.CustomerTestNG_2" name="modifyCustomer" time="0.002"/>
  <system-out>
    <![CDATA[customer modified successfully]]>
  </system-out>
  <testcase classname="nishu.CustomerTestNG_2" name="createCustomer" time="0.012"/>
  <system-out>
    <![CDATA[customer created successfully]]>
  </system-out>
</testsuite> <!-- nishu.CustomerTestNG_2 -->
