<?xml version="1.0" encoding="UTF-8"?>
<!-- Generated by org.testng.reporters.JUnitReportReporter -->
<testsuite hostname="DESKTOP-08STSR1" failures="0" tests="3" name="src.testPriority_2" time="0.004" errors="0" timestamp="2022-11-07T10:12:52 IST" skipped="0">
  <testcase classname="src.testPriority_2" name="createCustomer" time="0.001"/>
  <system-out>
    <![CDATA[customer created successfully]]>
  </system-out>
  <testcase classname="src.testPriority_2" name="editCustomer" time="0.001"/>
  <system-out>
    <![CDATA[customer edited successfully]]>
  </system-out>
  <testcase classname="src.testPriority_2" name="deleteCustomer" time="0.002"/>
  <system-out>
    <![CDATA[customer deleted successfully]]>
  </system-out>
</testsuite> <!-- src.testPriority_2 -->
