<?xml version="1.0" encoding="UTF-8"?>
<!-- Generated by org.testng.reporters.JUnitReportReporter -->
<testsuite hostname="DESKTOP-08STSR1" failures="0" tests="1" name="src.Test2" time="0.009" errors="0" timestamp="2022-11-08T09:26:25 IST" skipped="0">
  <testcase classname="src.Test2" name="createdCustomer" time="0.009"/>
  <system-out>
    <![CDATA[Customer Created Successfully]]>
  </system-out>
</testsuite> <!-- src.Test2 -->
