<?xml version="1.0" encoding="UTF-8"?>
<!-- Generated by org.testng.reporters.JUnitReportReporter -->
<testsuite hostname="DESKTOP-08STSR1" failures="0" tests="1" name="src.TakeScreenShot" time="10.366" errors="0" timestamp="2022-11-10T09:36:11 IST" skipped="0">
  <testcase classname="src.TakeScreenShot" name="screenshot" time="10.366"/>
  <system-out/>
</testsuite> <!-- src.TakeScreenShot -->
